<?xml version="1.0" encoding="UTF-8"?>
<!-- Generated by org.testng.reporters.JUnitReportReporter -->
<testsuite skipped="0" hostname="all-PC" name="Mouse_Hover" tests="1" failures="0" timestamp="04 Dec 2018 10:09:49 GMT" time="17.385" errors="0">
  <testcase name="start" time="17.385" classname="Mouse_Hover"/>
</testsuite> <!-- Mouse_Hover -->
